# JRE version: OpenJDK Runtime Environment Corretto-21.0.5.11.1 (21.0.5+11) (build 21.0.5+11-LTS)
# Java VM: OpenJDK 64-Bit Server VM Corretto-21.0.5.11.1 (21.0.5+11-LTS, mixed mode, sharing, tiered, compressed oops, compressed class ptrs, parallel gc, windows-amd64)
GC Precious Log:
 CardTable entry size: 512
 CPUs: 8 total, 8 available
 Memory: 32574M
 Large Page Support: Disabled
 NUMA Support: Disabled
 Compressed Oops: Enabled (32-bit)
 Alignments: Space 512K, Generation 512K, Heap 2M
 Heap Min Capacity: 100M
 Heap Initial Capacity: 100M
 Heap Max Capacity: 1G
 Pre-touch: Disabled
 Parallel Workers: 8
Heap:
 PSYoungGen      total 5632K, used 4717K [0x00000000eab00000, 0x00000000eb300000, 0x0000000100000000)
  eden space 5120K, 86% used [0x00000000eab00000,0x00000000eaf53628,0x00000000eb000000)
  from space 512K, 56% used [0x00000000eb280000,0x00000000eb2c8020,0x00000000eb300000)
  to   space 512K, 0% used [0x00000000eb200000,0x00000000eb200000,0x00000000eb280000)
 ParOldGen       total 299520K, used 299145K [0x00000000c0000000, 0x00000000d2480000, 0x00000000eab00000)
  object space 299520K, 99% used [0x00000000c0000000,0x00000000d24224b0,0x00000000d2480000)
 Metaspace       used 77832K, committed 79360K, reserved 1179648K
  class space    used 8575K, committed 9280K, reserved 1048576K
GC Heap History (20 events):
Event: 174.836 GC heap before
{Heap before GC invocations=1454 (full 4):
 PSYoungGen      total 6656K, used 6651K [0x00000000eab00000, 0x00000000ebc00000, 0x0000000100000000)
  eden space 5120K, 100% used [0x00000000eab00000,0x00000000eb000000,0x00000000eb000000)
  from space 1536K, 99% used [0x00000000eb480000,0x00000000eb5feee0,0x00000000eb600000)
  to   space 4608K, 0% used [0x00000000eb000000,0x00000000eb000000,0x00000000eb480000)
 ParOldGen       total 290816K, used 290811K [0x00000000c0000000, 0x00000000d1c00000, 0x00000000eab00000)
  object space 290816K, 99% used [0x00000000c0000000,0x00000000d1bfef70,0x00000000d1c00000)
 Metaspace       used 74153K, committed 75712K, reserved 1179648K
  class space    used 8163K, committed 8832K, reserved 1048576K
}
Event: 174.841 GC heap after
{Heap after GC invocations=1454 (full 4):
 PSYoungGen      total 9728K, used 4106K [0x00000000eab00000, 0x00000000eb900000, 0x0000000100000000)
  eden space 5120K, 0% used [0x00000000eab00000,0x00000000eab00000,0x00000000eb000000)
  from space 4608K, 89% used [0x00000000eb000000,0x00000000eb402928,0x00000000eb480000)
  to   space 4608K, 0% used [0x00000000eb480000,0x00000000eb480000,0x00000000eb900000)
 ParOldGen       total 292352K, used 292348K [0x00000000c0000000, 0x00000000d1d80000, 0x00000000eab00000)
  object space 292352K, 99% used [0x00000000c0000000,0x00000000d1d7f0d0,0x00000000d1d80000)
 Metaspace       used 74153K, committed 75712K, reserved 1179648K
  class space    used 8163K, committed 8832K, reserved 1048576K
}
Event: 174.904 GC heap before
{Heap before GC invocations=1455 (full 4):
 PSYoungGen      total 9728K, used 9226K [0x00000000eab00000, 0x00000000eb900000, 0x0000000100000000)
  eden space 5120K, 100% used [0x00000000eab00000,0x00000000eb000000,0x00000000eb000000)
  from space 4608K, 89% used [0x00000000eb000000,0x00000000eb402928,0x00000000eb480000)
  to   space 4608K, 0% used [0x00000000eb480000,0x00000000eb480000,0x00000000eb900000)
 ParOldGen       total 292352K, used 292348K [0x00000000c0000000, 0x00000000d1d80000, 0x00000000eab00000)
  object space 292352K, 99% used [0x00000000c0000000,0x00000000d1d7f0d0,0x00000000d1d80000)
 Metaspace       used 74270K, committed 75776K, reserved 1179648K
  class space    used 8170K, committed 8832K, reserved 1048576K
}
Event: 174.912 GC heap after
{Heap after GC invocations=1455 (full 4):
 PSYoungGen      total 6144K, used 660K [0x00000000eab00000, 0x00000000eb580000, 0x0000000100000000)
  eden space 5120K, 0% used [0x00000000eab00000,0x00000000eab00000,0x00000000eb000000)
  from space 1024K, 64% used [0x00000000eb480000,0x00000000eb525200,0x00000000eb580000)
  to   space 2048K, 0% used [0x00000000eb180000,0x00000000eb180000,0x00000000eb380000)
 ParOldGen       total 296448K, used 296207K [0x00000000c0000000, 0x00000000d2180000, 0x00000000eab00000)
  object space 296448K, 99% used [0x00000000c0000000,0x00000000d2143ff0,0x00000000d2180000)
 Metaspace       used 74270K, committed 75776K, reserved 1179648K
  class space    used 8170K, committed 8832K, reserved 1048576K
}
Event: 175.054 GC heap before
{Heap before GC invocations=1456 (full 4):
 PSYoungGen      total 6144K, used 5780K [0x00000000eab00000, 0x00000000eb580000, 0x0000000100000000)
  eden space 5120K, 100% used [0x00000000eab00000,0x00000000eb000000,0x00000000eb000000)
  from space 1024K, 64% used [0x00000000eb480000,0x00000000eb525200,0x00000000eb580000)
  to   space 2048K, 0% used [0x00000000eb180000,0x00000000eb180000,0x00000000eb380000)
 ParOldGen       total 296448K, used 296207K [0x00000000c0000000, 0x00000000d2180000, 0x00000000eab00000)
  object space 296448K, 99% used [0x00000000c0000000,0x00000000d2143ff0,0x00000000d2180000)
 Metaspace       used 74399K, committed 75968K, reserved 1179648K
  class space    used 8174K, committed 8896K, reserved 1048576K
}
Event: 175.057 GC heap after
{Heap after GC invocations=1456 (full 4):
 PSYoungGen      total 7168K, used 378K [0x00000000eab00000, 0x00000000eb500000, 0x0000000100000000)
  eden space 5120K, 0% used [0x00000000eab00000,0x00000000eab00000,0x00000000eb000000)
  from space 2048K, 18% used [0x00000000eb180000,0x00000000eb1de900,0x00000000eb380000)
  to   space 1024K, 0% used [0x00000000eb400000,0x00000000eb400000,0x00000000eb500000)
 ParOldGen       total 296448K, used 296363K [0x00000000c0000000, 0x00000000d2180000, 0x00000000eab00000)
  object space 296448K, 99% used [0x00000000c0000000,0x00000000d216ad38,0x00000000d2180000)
 Metaspace       used 74399K, committed 75968K, reserved 1179648K
  class space    used 8174K, committed 8896K, reserved 1048576K
}
Event: 175.228 GC heap before
{Heap before GC invocations=1457 (full 4):
 PSYoungGen      total 7168K, used 5498K [0x00000000eab00000, 0x00000000eb500000, 0x0000000100000000)
  eden space 5120K, 100% used [0x00000000eab00000,0x00000000eb000000,0x00000000eb000000)
  from space 2048K, 18% used [0x00000000eb180000,0x00000000eb1de900,0x00000000eb380000)
  to   space 1024K, 0% used [0x00000000eb400000,0x00000000eb400000,0x00000000eb500000)
 ParOldGen       total 296448K, used 296363K [0x00000000c0000000, 0x00000000d2180000, 0x00000000eab00000)
  object space 296448K, 99% used [0x00000000c0000000,0x00000000d216ad38,0x00000000d2180000)
 Metaspace       used 74544K, committed 76096K, reserved 1179648K
  class space    used 8175K, committed 8896K, reserved 1048576K
}
Event: 175.232 GC heap after
{Heap after GC invocations=1457 (full 4):
 PSYoungGen      total 6144K, used 1003K [0x00000000eab00000, 0x00000000eb500000, 0x0000000100000000)
  eden space 5120K, 0% used [0x00000000eab00000,0x00000000eab00000,0x00000000eb000000)
  from space 1024K, 97% used [0x00000000eb400000,0x00000000eb4fad50,0x00000000eb500000)
  to   space 2560K, 0% used [0x00000000eb000000,0x00000000eb000000,0x00000000eb280000)
 ParOldGen       total 297472K, used 297209K [0x00000000c0000000, 0x00000000d2280000, 0x00000000eab00000)
  object space 297472K, 99% used [0x00000000c0000000,0x00000000d223e4b0,0x00000000d2280000)
 Metaspace       used 74544K, committed 76096K, reserved 1179648K
  class space    used 8175K, committed 8896K, reserved 1048576K
}
Event: 175.599 GC heap before
{Heap before GC invocations=1458 (full 4):
 PSYoungGen      total 6144K, used 6123K [0x00000000eab00000, 0x00000000eb500000, 0x0000000100000000)
  eden space 5120K, 100% used [0x00000000eab00000,0x00000000eb000000,0x00000000eb000000)
  from space 1024K, 97% used [0x00000000eb400000,0x00000000eb4fad50,0x00000000eb500000)
  to   space 2560K, 0% used [0x00000000eb000000,0x00000000eb000000,0x00000000eb280000)
 ParOldGen       total 297472K, used 297209K [0x00000000c0000000, 0x00000000d2280000, 0x00000000eab00000)
  object space 297472K, 99% used [0x00000000c0000000,0x00000000d223e4b0,0x00000000d2280000)
 Metaspace       used 74844K, committed 76352K, reserved 1179648K
  class space    used 8197K, committed 8896K, reserved 1048576K
}
Event: 175.603 GC heap after
{Heap after GC invocations=1458 (full 4):
 PSYoungGen      total 7680K, used 960K [0x00000000eab00000, 0x00000000eb480000, 0x0000000100000000)
  eden space 5120K, 0% used [0x00000000eab00000,0x00000000eab00000,0x00000000eb000000)
  from space 2560K, 37% used [0x00000000eb000000,0x00000000eb0f0000,0x00000000eb280000)
  to   space 1536K, 0% used [0x00000000eb300000,0x00000000eb300000,0x00000000eb480000)
 ParOldGen       total 297984K, used 297561K [0x00000000c0000000, 0x00000000d2300000, 0x00000000eab00000)
  object space 297984K, 99% used [0x00000000c0000000,0x00000000d22964b0,0x00000000d2300000)
 Metaspace       used 74844K, committed 76352K, reserved 1179648K
  class space    used 8197K, committed 8896K, reserved 1048576K
}
Event: 175.703 GC heap before
{Heap before GC invocations=1459 (full 4):
 PSYoungGen      total 7680K, used 6080K [0x00000000eab00000, 0x00000000eb480000, 0x0000000100000000)
  eden space 5120K, 100% used [0x00000000eab00000,0x00000000eb000000,0x00000000eb000000)
  from space 2560K, 37% used [0x00000000eb000000,0x00000000eb0f0000,0x00000000eb280000)
  to   space 1536K, 0% used [0x00000000eb300000,0x00000000eb300000,0x00000000eb480000)
 ParOldGen       total 297984K, used 297561K [0x00000000c0000000, 0x00000000d2300000, 0x00000000eab00000)
  object space 297984K, 99% used [0x00000000c0000000,0x00000000d22964b0,0x00000000d2300000)
 Metaspace       used 75328K, committed 76800K, reserved 1179648K
  class space    used 8242K, committed 8896K, reserved 1048576K
}
Event: 175.706 GC heap after
{Heap after GC invocations=1459 (full 4):
 PSYoungGen      total 5632K, used 224K [0x00000000eab00000, 0x00000000eb380000, 0x0000000100000000)
  eden space 5120K, 0% used [0x00000000eab00000,0x00000000eab00000,0x00000000eb000000)
  from space 512K, 43% used [0x00000000eb300000,0x00000000eb338000,0x00000000eb380000)
  to   space 1024K, 0% used [0x00000000eb180000,0x00000000eb180000,0x00000000eb280000)
 ParOldGen       total 298496K, used 298241K [0x00000000c0000000, 0x00000000d2380000, 0x00000000eab00000)
  object space 298496K, 99% used [0x00000000c0000000,0x00000000d23404b0,0x00000000d2380000)
 Metaspace       used 75328K, committed 76800K, reserved 1179648K
  class space    used 8242K, committed 8896K, reserved 1048576K
}
Event: 175.880 GC heap before
{Heap before GC invocations=1460 (full 4):
 PSYoungGen      total 5632K, used 5344K [0x00000000eab00000, 0x00000000eb380000, 0x0000000100000000)
  eden space 5120K, 100% used [0x00000000eab00000,0x00000000eb000000,0x00000000eb000000)
  from space 512K, 43% used [0x00000000eb300000,0x00000000eb338000,0x00000000eb380000)
  to   space 1024K, 0% used [0x00000000eb180000,0x00000000eb180000,0x00000000eb280000)
 ParOldGen       total 298496K, used 298241K [0x00000000c0000000, 0x00000000d2380000, 0x00000000eab00000)
  object space 298496K, 99% used [0x00000000c0000000,0x00000000d23404b0,0x00000000d2380000)
 Metaspace       used 76016K, committed 77504K, reserved 1179648K
  class space    used 8312K, committed 8960K, reserved 1048576K
}
Event: 175.884 GC heap after
{Heap after GC invocations=1460 (full 4):
 PSYoungGen      total 6144K, used 576K [0x00000000eab00000, 0x00000000eb380000, 0x0000000100000000)
  eden space 5120K, 0% used [0x00000000eab00000,0x00000000eab00000,0x00000000eb000000)
  from space 1024K, 56% used [0x00000000eb180000,0x00000000eb210000,0x00000000eb280000)
  to   space 1024K, 0% used [0x00000000eb280000,0x00000000eb280000,0x00000000eb380000)
 ParOldGen       total 298496K, used 298361K [0x00000000c0000000, 0x00000000d2380000, 0x00000000eab00000)
  object space 298496K, 99% used [0x00000000c0000000,0x00000000d235e4b0,0x00000000d2380000)
 Metaspace       used 76016K, committed 77504K, reserved 1179648K
  class space    used 8312K, committed 8960K, reserved 1048576K
}
Event: 176.052 GC heap before
{Heap before GC invocations=1461 (full 4):
 PSYoungGen      total 6144K, used 5696K [0x00000000eab00000, 0x00000000eb380000, 0x0000000100000000)
  eden space 5120K, 100% used [0x00000000eab00000,0x00000000eb000000,0x00000000eb000000)
  from space 1024K, 56% used [0x00000000eb180000,0x00000000eb210000,0x00000000eb280000)
  to   space 1024K, 0% used [0x00000000eb280000,0x00000000eb280000,0x00000000eb380000)
 ParOldGen       total 298496K, used 298361K [0x00000000c0000000, 0x00000000d2380000, 0x00000000eab00000)
  object space 298496K, 99% used [0x00000000c0000000,0x00000000d235e4b0,0x00000000d2380000)
 Metaspace       used 76758K, committed 78272K, reserved 1179648K
  class space    used 8438K, committed 9152K, reserved 1048576K
}
Event: 176.056 GC heap after
{Heap after GC invocations=1461 (full 4):
 PSYoungGen      total 5632K, used 416K [0x00000000eab00000, 0x00000000eb300000, 0x0000000100000000)
  eden space 5120K, 0% used [0x00000000eab00000,0x00000000eab00000,0x00000000eb000000)
  from space 512K, 81% used [0x00000000eb280000,0x00000000eb2e8000,0x00000000eb300000)
  to   space 512K, 0% used [0x00000000eb200000,0x00000000eb200000,0x00000000eb280000)
 ParOldGen       total 299008K, used 298785K [0x00000000c0000000, 0x00000000d2400000, 0x00000000eab00000)
  object space 299008K, 99% used [0x00000000c0000000,0x00000000d23c84b0,0x00000000d2400000)
 Metaspace       used 76758K, committed 78272K, reserved 1179648K
  class space    used 8438K, committed 9152K, reserved 1048576K
}
Event: 9438.884 GC heap before
{Heap before GC invocations=1462 (full 4):
 PSYoungGen      total 5632K, used 5536K [0x00000000eab00000, 0x00000000eb300000, 0x0000000100000000)
  eden space 5120K, 100% used [0x00000000eab00000,0x00000000eb000000,0x00000000eb000000)
  from space 512K, 81% used [0x00000000eb280000,0x00000000eb2e8000,0x00000000eb300000)
  to   space 512K, 0% used [0x00000000eb200000,0x00000000eb200000,0x00000000eb280000)
 ParOldGen       total 299008K, used 298785K [0x00000000c0000000, 0x00000000d2400000, 0x00000000eab00000)
  object space 299008K, 99% used [0x00000000c0000000,0x00000000d23c84b0,0x00000000d2400000)
 Metaspace       used 77113K, committed 78656K, reserved 1179648K
  class space    used 8480K, committed 9216K, reserved 1048576K
}
Event: 9438.886 GC heap after
{Heap after GC invocations=1462 (full 4):
 PSYoungGen      total 5632K, used 288K [0x00000000eab00000, 0x00000000eb300000, 0x0000000100000000)
  eden space 5120K, 0% used [0x00000000eab00000,0x00000000eab00000,0x00000000eb000000)
  from space 512K, 56% used [0x00000000eb200000,0x00000000eb248000,0x00000000eb280000)
  to   space 512K, 0% used [0x00000000eb280000,0x00000000eb280000,0x00000000eb300000)
 ParOldGen       total 299520K, used 299009K [0x00000000c0000000, 0x00000000d2480000, 0x00000000eab00000)
  object space 299520K, 99% used [0x00000000c0000000,0x00000000d24004b0,0x00000000d2480000)
 Metaspace       used 77113K, committed 78656K, reserved 1179648K
  class space    used 8480K, committed 9216K, reserved 1048576K
}
Event: 9440.294 GC heap before
{Heap before GC invocations=1463 (full 4):
 PSYoungGen      total 5632K, used 5408K [0x00000000eab00000, 0x00000000eb300000, 0x0000000100000000)
  eden space 5120K, 100% used [0x00000000eab00000,0x00000000eb000000,0x00000000eb000000)
  from space 512K, 56% used [0x00000000eb200000,0x00000000eb248000,0x00000000eb280000)
  to   space 512K, 0% used [0x00000000eb280000,0x00000000eb280000,0x00000000eb300000)
 ParOldGen       total 299520K, used 299009K [0x00000000c0000000, 0x00000000d2480000, 0x00000000eab00000)
  object space 299520K, 99% used [0x00000000c0000000,0x00000000d24004b0,0x00000000d2480000)
 Metaspace       used 77451K, committed 78976K, reserved 1179648K
  class space    used 8538K, committed 9280K, reserved 1048576K
}
Event: 9440.295 GC heap after
{Heap after GC invocations=1463 (full 4):
 PSYoungGen      total 5632K, used 288K [0x00000000eab00000, 0x00000000eb300000, 0x0000000100000000)
  eden space 5120K, 0% used [0x00000000eab00000,0x00000000eab00000,0x00000000eb000000)
  from space 512K, 56% used [0x00000000eb280000,0x00000000eb2c8020,0x00000000eb300000)
  to   space 512K, 0% used [0x00000000eb200000,0x00000000eb200000,0x00000000eb280000)
 ParOldGen       total 299520K, used 299145K [0x00000000c0000000, 0x00000000d2480000, 0x00000000eab00000)
  object space 299520K, 99% used [0x00000000c0000000,0x00000000d24224b0,0x00000000d2480000)
 Metaspace       used 77451K, committed 78976K, reserved 1179648K
  class space    used 8538K, committed 9280K, reserved 1048576K
}

